\BOOKMARK [0][-]{chapter*.2}{Spis rysunk\363w}{}% 1
\BOOKMARK [0][-]{chapter*.3}{Spis listing\363w}{}% 2
\BOOKMARK [0][-]{chapter*.4}{Spis tabel}{}% 3
\BOOKMARK [0][-]{chapter*.5}{Streszczenie}{}% 4
\BOOKMARK [0][-]{chapter*.6}{Abstract}{}% 5
\BOOKMARK [0][-]{chapter*.7}{Wstep}{}% 6
\BOOKMARK [1][-]{section*.8}{Opis problemu}{chapter*.7}% 7
\BOOKMARK [1][-]{section*.9}{Cel pracy}{chapter*.7}% 8
\BOOKMARK [1][-]{section*.10}{Zakres pracy}{chapter*.7}% 9
\BOOKMARK [0][-]{chapter.1}{Wprowadzenie}{}% 10
\BOOKMARK [1][-]{section.1.1}{Najpopularniejsze metody zarzadzania projektami}{chapter.1}% 11
\BOOKMARK [1][-]{section.1.2}{Podejscie klasyczne}{chapter.1}% 12
\BOOKMARK [1][-]{section.1.3}{Podejscie zwinne}{chapter.1}% 13
\BOOKMARK [1][-]{section.1.4}{Manifest Agile}{chapter.1}% 14
\BOOKMARK [0][-]{chapter.2}{Najczesciej wykorzystywane narzedzia w zarzadzaniu projektami.}{}% 15
\BOOKMARK [1][-]{section.2.1}{Narzedzia stosowane dla metod klasycznych.}{chapter.2}% 16
\BOOKMARK [2][-]{subsection.2.1.1}{Microsoft Project}{section.2.1}% 17
\BOOKMARK [2][-]{subsection.2.1.2}{Gantt Project}{section.2.1}% 18
\BOOKMARK [1][-]{section.2.2}{Najpopularniejsze narzedzia stosowane dla metod zwinnych \( team estimation game, kanban, planning poker\).}{chapter.2}% 19
\BOOKMARK [1][-]{section.2.3}{Odniesienie do ksiazki}{chapter.2}% 20
\BOOKMARK [2][-]{subsection.2.3.1}{Rysunek z kotem}{section.2.3}% 21
\BOOKMARK [2][-]{subsection.2.3.2}{Tabela}{section.2.3}% 22
\BOOKMARK [1][-]{section.2.4}{Listing}{chapter.2}% 23
\BOOKMARK [0][-]{chapter*.11}{Zakonczenie}{}% 24
\BOOKMARK [0][-]{section*.12}{Dodatki}{}% 25
\BOOKMARK [0][-]{appendix.A}{To powinien by? dodatek}{}% 26
\BOOKMARK [0][-]{chapter*.13}{Bibliografia}{}% 27
